<?xml version="1.0" encoding="UTF-8"?>
<!-- Generated by org.testng.reporters.JUnitReportReporter -->
<testsuite hostname="Maneet-MacBook.local" failures="0" tests="1" name="tests.FlipkartPriceValidation" time="6.879" errors="0" timestamp="11 Nov 2019 21:35:35 GMT" skipped="0">
  <testcase classname="tests.FlipkartPriceValidation" name="phonePrice" time="6.879"/>
</testsuite> <!-- tests.FlipkartPriceValidation -->
